The system is: Linux - 5.8.0-53-generic - x86_64
Compiling the C compiler identification source file "CMakeCCompilerId.c" succeeded.
Compiler: /usr/bin/cc 
Build flags: 
Id flags:  

The output was:
0


Compilation of the C compiler identification source "CMakeCCompilerId.c" produced "a.out"

The C compiler identification is GNU, found in "/home/owner/Desktop/programming/ses2019_2/cJSON-master/build/CMakeFiles/3.16.3/CompilerIdC/a.out"

Determining if the C compiler works passed with the following output:
Change Dir: /home/owner/Desktop/programming/ses2019_2/cJSON-master/build/CMakeFiles/CMakeTmp

Run Build Command(s):/usr/bin/make cmTC_ffd52/fast && /usr/bin/make -f CMakeFiles/cmTC_ffd52.dir/build.make CMakeFiles/cmTC_ffd52.dir/build
make[1]: Entering directory '/home/owner/Desktop/programming/ses2019_2/cJSON-master/build/CMakeFiles/CMakeTmp'
Building C object CMakeFiles/cmTC_ffd52.dir/testCCompiler.c.o
/usr/bin/cc    -o CMakeFiles/cmTC_ffd52.dir/testCCompiler.c.o   -c /home/owner/Desktop/programming/ses2019_2/cJSON-master/build/CMakeFiles/CMakeTmp/testCCompiler.c
Linking C executable cmTC_ffd52
/usr/bin/cmake -E cmake_link_script CMakeFiles/cmTC_ffd52.dir/link.txt --verbose=1
/usr/bin/cc      -rdynamic CMakeFiles/cmTC_ffd52.dir/testCCompiler.c.o  -o cmTC_ffd52 
make[1]: Leaving directory '/home/owner/Desktop/programming/ses2019_2/cJSON-master/build/CMakeFiles/CMakeTmp'



Detecting C compiler ABI info compiled with the following output:
Change Dir: /home/owner/Desktop/programming/ses2019_2/cJSON-master/build/CMakeFiles/CMakeTmp

Run Build Command(s):/usr/bin/make cmTC_be264/fast && /usr/bin/make -f CMakeFiles/cmTC_be264.dir/build.make CMakeFiles/cmTC_be264.dir/build
make[1]: Entering directory '/home/owner/Desktop/programming/ses2019_2/cJSON-master/build/CMakeFiles/CMakeTmp'
Building C object CMakeFiles/cmTC_be264.dir/CMakeCCompilerABI.c.o
/usr/bin/cc   -v -o CMakeFiles/cmTC_be264.dir/CMakeCCompilerABI.c.o   -c /usr/share/cmake-3.16/Modules/CMakeCCompilerABI.c
Using built-in specs.
COLLECT_GCC=/usr/bin/cc
OFFLOAD_TARGET_NAMES=nvptx-none:hsa
OFFLOAD_TARGET_DEFAULT=1
Target: x86_64-linux-gnu
Configured with: ../src/configure -v --with-pkgversion='Ubuntu 9.3.0-17ubuntu1~20.04' --with-bugurl=file:///usr/share/doc/gcc-9/README.Bugs --enable-languages=c,ada,c++,go,brig,d,fortran,objc,obj-c++,gm2 --prefix=/usr --with-gcc-major-version-only --program-suffix=-9 --program-prefix=x86_64-linux-gnu- --enable-shared --enable-linker-build-id --libexecdir=/usr/lib --without-included-gettext --enable-threads=posix --libdir=/usr/lib --enable-nls --enable-clocale=gnu --enable-libstdcxx-debug --enable-libstdcxx-time=yes --with-default-libstdcxx-abi=new --enable-gnu-unique-object --disable-vtable-verify --enable-plugin --enable-default-pie --with-system-zlib --with-target-system-zlib=auto --enable-objc-gc=auto --enable-multiarch --disable-werror --with-arch-32=i686 --with-abi=m64 --with-multilib-list=m32,m64,mx32 --enable-multilib --with-tune=generic --enable-offload-targets=nvptx-none=/build/gcc-9-HskZEa/gcc-9-9.3.0/debian/tmp-nvptx/usr,hsa --without-cuda-driver --enable-checking=release --build=x86_64-linux-gnu --host=x86_64-linux-gnu --target=x86_64-linux-gnu
Thread model: posix
gcc version 9.3.0 (Ubuntu 9.3.0-17ubuntu1~20.04) 
COLLECT_GCC_OPTIONS='-v' '-o' 'CMakeFiles/cmTC_be264.dir/CMakeCCompilerABI.c.o' '-c' '-mtune=generic' '-march=x86-64'
 /usr/lib/gcc/x86_64-linux-gnu/9/cc1 -quiet -v -imultiarch x86_64-linux-gnu /usr/share/cmake-3.16/Modules/CMakeCCompilerABI.c -quiet -dumpbase CMakeCCompilerABI.c -mtune=generic -march=x86-64 -auxbase-strip CMakeFiles/cmTC_be264.dir/CMakeCCompilerABI.c.o -version -fasynchronous-unwind-tables -fstack-protector-strong -Wformat -Wformat-security -fstack-clash-protection -fcf-protection -o /tmp/cc7DfFS8.s
GNU C17 (Ubuntu 9.3.0-17ubuntu1~20.04) version 9.3.0 (x86_64-linux-gnu)
	compiled by GNU C version 9.3.0, GMP version 6.2.0, MPFR version 4.0.2, MPC version 1.1.0, isl version isl-0.22.1-GMP

GGC heuristics: --param ggc-min-expand=100 --param ggc-min-heapsize=131072
ignoring nonexistent directory "/usr/local/include/x86_64-linux-gnu"
ignoring nonexistent directory "/usr/lib/gcc/x86_64-linux-gnu/9/include-fixed"
ignoring nonexistent directory "/usr/lib/gcc/x86_64-linux-gnu/9/../../../../x86_64-linux-gnu/include"
#include "..." search starts here:
#include <...> search starts here:
 /usr/lib/gcc/x86_64-linux-gnu/9/include
 /usr/local/include
 /usr/include/x86_64-linux-gnu
 /usr/include
End of search list.
GNU C17 (Ubuntu 9.3.0-17ubuntu1~20.04) version 9.3.0 (x86_64-linux-gnu)
	compiled by GNU C version 9.3.0, GMP version 6.2.0, MPFR version 4.0.2, MPC version 1.1.0, isl version isl-0.22.1-GMP

GGC heuristics: --param ggc-min-expand=100 --param ggc-min-heapsize=131072
Compiler executable checksum: bbf13931d8de1abe14040c9909cb6969
COLLECT_GCC_OPTIONS='-v' '-o' 'CMakeFiles/cmTC_be264.dir/CMakeCCompilerABI.c.o' '-c' '-mtune=generic' '-march=x86-64'
 as -v --64 -o CMakeFiles/cmTC_be264.dir/CMakeCCompilerABI.c.o /tmp/cc7DfFS8.s
GNU assembler version 2.34 (x86_64-linux-gnu) using BFD version (GNU Binutils for Ubuntu) 2.34
COMPILER_PATH=/usr/lib/gcc/x86_64-linux-gnu/9/:/usr/lib/gcc/x86_64-linux-gnu/9/:/usr/lib/gcc/x86_64-linux-gnu/:/usr/lib/gcc/x86_64-linux-gnu/9/:/usr/lib/gcc/x86_64-linux-gnu/
LIBRARY_PATH=/usr/lib/gcc/x86_64-linux-gnu/9/:/usr/lib/gcc/x86_64-linux-gnu/9/../../../x86_64-linux-gnu/:/usr/lib/gcc/x86_64-linux-gnu/9/../../../../lib/:/lib/x86_64-linux-gnu/:/lib/../lib/:/usr/lib/x86_64-linux-gnu/:/usr/lib/../lib/:/usr/lib/gcc/x86_64-linux-gnu/9/../../../:/lib/:/usr/lib/
COLLECT_GCC_OPTIONS='-v' '-o' 'CMakeFiles/cmTC_be264.dir/CMakeCCompilerABI.c.o' '-c' '-mtune=generic' '-march=x86-64'
Linking C executable cmTC_be264
/usr/bin/cmake -E cmake_link_script CMakeFiles/cmTC_be264.dir/link.txt --verbose=1
/usr/bin/cc     -v -rdynamic CMakeFiles/cmTC_be264.dir/CMakeCCompilerABI.c.o  -o cmTC_be264 
Using built-in specs.
COLLECT_GCC=/usr/bin/cc
COLLECT_LTO_WRAPPER=/usr/lib/gcc/x86_64-linux-gnu/9/lto-wrapper
OFFLOAD_TARGET_NAMES=nvptx-none:hsa
OFFLOAD_TARGET_DEFAULT=1
Target: x86_64-linux-gnu
Configured with: ../src/configure -v --with-pkgversion='Ubuntu 9.3.0-17ubuntu1~20.04' --with-bugurl=file:///usr/share/doc/gcc-9/README.Bugs --enable-languages=c,ada,c++,go,brig,d,fortran,objc,obj-c++,gm2 --prefix=/usr --with-gcc-major-version-only --program-suffix=-9 --program-prefix=x86_64-linux-gnu- --enable-shared --enable-linker-build-id --libexecdir=/usr/lib --without-included-gettext --enable-threads=posix --libdir=/usr/lib --enable-nls --enable-clocale=gnu --enable-libstdcxx-debug --enable-libstdcxx-time=yes --with-default-libstdcxx-abi=new --enable-gnu-unique-object --disable-vtable-verify --enable-plugin --enable-default-pie --with-system-zlib --with-target-system-zlib=auto --enable-objc-gc=auto --enable-multiarch --disable-werror --with-arch-32=i686 --with-abi=m64 --with-multilib-list=m32,m64,mx32 --enable-multilib --with-tune=generic --enable-offload-targets=nvptx-none=/build/gcc-9-HskZEa/gcc-9-9.3.0/debian/tmp-nvptx/usr,hsa --without-cuda-driver --enable-checking=release --build=x86_64-linux-gnu --host=x86_64-linux-gnu --target=x86_64-linux-gnu
Thread model: posix
gcc version 9.3.0 (Ubuntu 9.3.0-17ubuntu1~20.04) 
COMPILER_PATH=/usr/lib/gcc/x86_64-linux-gnu/9/:/usr/lib/gcc/x86_64-linux-gnu/9/:/usr/lib/gcc/x86_64-linux-gnu/:/usr/lib/gcc/x86_64-linux-gnu/9/:/usr/lib/gcc/x86_64-linux-gnu/
LIBRARY_PATH=/usr/lib/gcc/x86_64-linux-gnu/9/:/usr/lib/gcc/x86_64-linux-gnu/9/../../../x86_64-linux-gnu/:/usr/lib/gcc/x86_64-linux-gnu/9/../../../../lib/:/lib/x86_64-linux-gnu/:/lib/../lib/:/usr/lib/x86_64-linux-gnu/:/usr/lib/../lib/:/usr/lib/gcc/x86_64-linux-gnu/9/../../../:/lib/:/usr/lib/
COLLECT_GCC_OPTIONS='-v' '-rdynamic' '-o' 'cmTC_be264' '-mtune=generic' '-march=x86-64'
 /usr/lib/gcc/x86_64-linux-gnu/9/collect2 -plugin /usr/lib/gcc/x86_64-linux-gnu/9/liblto_plugin.so -plugin-opt=/usr/lib/gcc/x86_64-linux-gnu/9/lto-wrapper -plugin-opt=-fresolution=/tmp/ccXyFkDz.res -plugin-opt=-pass-through=-lgcc -plugin-opt=-pass-through=-lgcc_s -plugin-opt=-pass-through=-lc -plugin-opt=-pass-through=-lgcc -plugin-opt=-pass-through=-lgcc_s --build-id --eh-frame-hdr -m elf_x86_64 --hash-style=gnu --as-needed -export-dynamic -dynamic-linker /lib64/ld-linux-x86-64.so.2 -pie -z now -z relro -o cmTC_be264 /usr/lib/gcc/x86_64-linux-gnu/9/../../../x86_64-linux-gnu/Scrt1.o /usr/lib/gcc/x86_64-linux-gnu/9/../../../x86_64-linux-gnu/crti.o /usr/lib/gcc/x86_64-linux-gnu/9/crtbeginS.o -L/usr/lib/gcc/x86_64-linux-gnu/9 -L/usr/lib/gcc/x86_64-linux-gnu/9/../../../x86_64-linux-gnu -L/usr/lib/gcc/x86_64-linux-gnu/9/../../../../lib -L/lib/x86_64-linux-gnu -L/lib/../lib -L/usr/lib/x86_64-linux-gnu -L/usr/lib/../lib -L/usr/lib/gcc/x86_64-linux-gnu/9/../../.. CMakeFiles/cmTC_be264.dir/CMakeCCompilerABI.c.o -lgcc --push-state --as-needed -lgcc_s --pop-state -lc -lgcc --push-state --as-needed -lgcc_s --pop-state /usr/lib/gcc/x86_64-linux-gnu/9/crtendS.o /usr/lib/gcc/x86_64-linux-gnu/9/../../../x86_64-linux-gnu/crtn.o
COLLECT_GCC_OPTIONS='-v' '-rdynamic' '-o' 'cmTC_be264' '-mtune=generic' '-march=x86-64'
make[1]: Leaving directory '/home/owner/Desktop/programming/ses2019_2/cJSON-master/build/CMakeFiles/CMakeTmp'



Parsed C implicit include dir info from above output: rv=done
  found start of include info
  found start of implicit include info
    add: [/usr/lib/gcc/x86_64-linux-gnu/9/include]
    add: [/usr/local/include]
    add: [/usr/include/x86_64-linux-gnu]
    add: [/usr/include]
  end of search list found
  collapse include dir [/usr/lib/gcc/x86_64-linux-gnu/9/include] ==> [/usr/lib/gcc/x86_64-linux-gnu/9/include]
  collapse include dir [/usr/local/include] ==> [/usr/local/include]
  collapse include dir [/usr/include/x86_64-linux-gnu] ==> [/usr/include/x86_64-linux-gnu]
  collapse include dir [/usr/include] ==> [/usr/include]
  implicit include dirs: [/usr/lib/gcc/x86_64-linux-gnu/9/include;/usr/local/include;/usr/include/x86_64-linux-gnu;/usr/include]


Parsed C implicit link information from above output:
  link line regex: [^( *|.*[/\])(ld|CMAKE_LINK_STARTFILE-NOTFOUND|([^/\]+-)?ld|collect2)[^/\]*( |$)]
  ignore line: [Change Dir: /home/owner/Desktop/programming/ses2019_2/cJSON-master/build/CMakeFiles/CMakeTmp]
  ignore line: []
  ignore line: [Run Build Command(s):/usr/bin/make cmTC_be264/fast && /usr/bin/make -f CMakeFiles/cmTC_be264.dir/build.make CMakeFiles/cmTC_be264.dir/build]
  ignore line: [make[1]: Entering directory '/home/owner/Desktop/programming/ses2019_2/cJSON-master/build/CMakeFiles/CMakeTmp']
  ignore line: [Building C object CMakeFiles/cmTC_be264.dir/CMakeCCompilerABI.c.o]
  ignore line: [/usr/bin/cc   -v -o CMakeFiles/cmTC_be264.dir/CMakeCCompilerABI.c.o   -c /usr/share/cmake-3.16/Modules/CMakeCCompilerABI.c]
  ignore line: [Using built-in specs.]
  ignore line: [COLLECT_GCC=/usr/bin/cc]
  ignore line: [OFFLOAD_TARGET_NAMES=nvptx-none:hsa]
  ignore line: [OFFLOAD_TARGET_DEFAULT=1]
  ignore line: [Target: x86_64-linux-gnu]
  ignore line: [Configured with: ../src/configure -v --with-pkgversion='Ubuntu 9.3.0-17ubuntu1~20.04' --with-bugurl=file:///usr/share/doc/gcc-9/README.Bugs --enable-languages=c ada c++ go brig d fortran objc obj-c++ gm2 --prefix=/usr --with-gcc-major-version-only --program-suffix=-9 --program-prefix=x86_64-linux-gnu- --enable-shared --enable-linker-build-id --libexecdir=/usr/lib --without-included-gettext --enable-threads=posix --libdir=/usr/lib --enable-nls --enable-clocale=gnu --enable-libstdcxx-debug --enable-libstdcxx-time=yes --with-default-libstdcxx-abi=new --enable-gnu-unique-object --disable-vtable-verify --enable-plugin --enable-default-pie --with-system-zlib --with-target-system-zlib=auto --enable-objc-gc=auto --enable-multiarch --disable-werror --with-arch-32=i686 --with-abi=m64 --with-multilib-list=m32 m64 mx32 --enable-multilib --with-tune=generic --enable-offload-targets=nvptx-none=/build/gcc-9-HskZEa/gcc-9-9.3.0/debian/tmp-nvptx/usr hsa --without-cuda-driver --enable-checking=release --build=x86_64-linux-gnu --host=x86_64-linux-gnu --target=x86_64-linux-gnu]
  ignore line: [Thread model: posix]
  ignore line: [gcc version 9.3.0 (Ubuntu 9.3.0-17ubuntu1~20.04) ]
  ignore line: [COLLECT_GCC_OPTIONS='-v' '-o' 'CMakeFiles/cmTC_be264.dir/CMakeCCompilerABI.c.o' '-c' '-mtune=generic' '-march=x86-64']
  ignore line: [ /usr/lib/gcc/x86_64-linux-gnu/9/cc1 -quiet -v -imultiarch x86_64-linux-gnu /usr/share/cmake-3.16/Modules/CMakeCCompilerABI.c -quiet -dumpbase CMakeCCompilerABI.c -mtune=generic -march=x86-64 -auxbase-strip CMakeFiles/cmTC_be264.dir/CMakeCCompilerABI.c.o -version -fasynchronous-unwind-tables -fstack-protector-strong -Wformat -Wformat-security -fstack-clash-protection -fcf-protection -o /tmp/cc7DfFS8.s]
  ignore line: [GNU C17 (Ubuntu 9.3.0-17ubuntu1~20.04) version 9.3.0 (x86_64-linux-gnu)]
  ignore line: [	compiled by GNU C version 9.3.0  GMP version 6.2.0  MPFR version 4.0.2  MPC version 1.1.0  isl version isl-0.22.1-GMP]
  ignore line: []
  ignore line: [GGC heuristics: --param ggc-min-expand=100 --param ggc-min-heapsize=131072]
  ignore line: [ignoring nonexistent directory "/usr/local/include/x86_64-linux-gnu"]
  ignore line: [ignoring nonexistent directory "/usr/lib/gcc/x86_64-linux-gnu/9/include-fixed"]
  ignore line: [ignoring nonexistent directory "/usr/lib/gcc/x86_64-linux-gnu/9/../../../../x86_64-linux-gnu/include"]
  ignore line: [#include "..." search starts here:]
  ignore line: [#include <...> search starts here:]
  ignore line: [ /usr/lib/gcc/x86_64-linux-gnu/9/include]
  ignore line: [ /usr/local/include]
  ignore line: [ /usr/include/x86_64-linux-gnu]
  ignore line: [ /usr/include]
  ignore line: [End of search list.]
  ignore line: [GNU C17 (Ubuntu 9.3.0-17ubuntu1~20.04) version 9.3.0 (x86_64-linux-gnu)]
  ignore line: [	compiled by GNU C version 9.3.0  GMP version 6.2.0  MPFR version 4.0.2  MPC version 1.1.0  isl version isl-0.22.1-GMP]
  ignore line: []
  ignore line: [GGC heuristics: --param ggc-min-expand=100 --param ggc-min-heapsize=131072]
  ignore line: [Compiler executable checksum: bbf13931d8de1abe14040c9909cb6969]
  ignore line: [COLLECT_GCC_OPTIONS='-v' '-o' 'CMakeFiles/cmTC_be264.dir/CMakeCCompilerABI.c.o' '-c' '-mtune=generic' '-march=x86-64']
  ignore line: [ as -v --64 -o CMakeFiles/cmTC_be264.dir/CMakeCCompilerABI.c.o /tmp/cc7DfFS8.s]
  ignore line: [GNU assembler version 2.34 (x86_64-linux-gnu) using BFD version (GNU Binutils for Ubuntu) 2.34]
  ignore line: [COMPILER_PATH=/usr/lib/gcc/x86_64-linux-gnu/9/:/usr/lib/gcc/x86_64-linux-gnu/9/:/usr/lib/gcc/x86_64-linux-gnu/:/usr/lib/gcc/x86_64-linux-gnu/9/:/usr/lib/gcc/x86_64-linux-gnu/]
  ignore line: [LIBRARY_PATH=/usr/lib/gcc/x86_64-linux-gnu/9/:/usr/lib/gcc/x86_64-linux-gnu/9/../../../x86_64-linux-gnu/:/usr/lib/gcc/x86_64-linux-gnu/9/../../../../lib/:/lib/x86_64-linux-gnu/:/lib/../lib/:/usr/lib/x86_64-linux-gnu/:/usr/lib/../lib/:/usr/lib/gcc/x86_64-linux-gnu/9/../../../:/lib/:/usr/lib/]
  ignore line: [COLLECT_GCC_OPTIONS='-v' '-o' 'CMakeFiles/cmTC_be264.dir/CMakeCCompilerABI.c.o' '-c' '-mtune=generic' '-march=x86-64']
  ignore line: [Linking C executable cmTC_be264]
  ignore line: [/usr/bin/cmake -E cmake_link_script CMakeFiles/cmTC_be264.dir/link.txt --verbose=1]
  ignore line: [/usr/bin/cc     -v -rdynamic CMakeFiles/cmTC_be264.dir/CMakeCCompilerABI.c.o  -o cmTC_be264 ]
  ignore line: [Using built-in specs.]
  ignore line: [COLLECT_GCC=/usr/bin/cc]
  ignore line: [COLLECT_LTO_WRAPPER=/usr/lib/gcc/x86_64-linux-gnu/9/lto-wrapper]
  ignore line: [OFFLOAD_TARGET_NAMES=nvptx-none:hsa]
  ignore line: [OFFLOAD_TARGET_DEFAULT=1]
  ignore line: [Target: x86_64-linux-gnu]
  ignore line: [Configured with: ../src/configure -v --with-pkgversion='Ubuntu 9.3.0-17ubuntu1~20.04' --with-bugurl=file:///usr/share/doc/gcc-9/README.Bugs --enable-languages=c ada c++ go brig d fortran objc obj-c++ gm2 --prefix=/usr --with-gcc-major-version-only --program-suffix=-9 --program-prefix=x86_64-linux-gnu- --enable-shared --enable-linker-build-id --libexecdir=/usr/lib --without-included-gettext --enable-threads=posix --libdir=/usr/lib --enable-nls --enable-clocale=gnu --enable-libstdcxx-debug --enable-libstdcxx-time=yes --with-default-libstdcxx-abi=new --enable-gnu-unique-object --disable-vtable-verify --enable-plugin --enable-default-pie --with-system-zlib --with-target-system-zlib=auto --enable-objc-gc=auto --enable-multiarch --disable-werror --with-arch-32=i686 --with-abi=m64 --with-multilib-list=m32 m64 mx32 --enable-multilib --with-tune=generic --enable-offload-targets=nvptx-none=/build/gcc-9-HskZEa/gcc-9-9.3.0/debian/tmp-nvptx/usr hsa --without-cuda-driver --enable-checking=release --build=x86_64-linux-gnu --host=x86_64-linux-gnu --target=x86_64-linux-gnu]
  ignore line: [Thread model: posix]
  ignore line: [gcc version 9.3.0 (Ubuntu 9.3.0-17ubuntu1~20.04) ]
  ignore line: [COMPILER_PATH=/usr/lib/gcc/x86_64-linux-gnu/9/:/usr/lib/gcc/x86_64-linux-gnu/9/:/usr/lib/gcc/x86_64-linux-gnu/:/usr/lib/gcc/x86_64-linux-gnu/9/:/usr/lib/gcc/x86_64-linux-gnu/]
  ignore line: [LIBRARY_PATH=/usr/lib/gcc/x86_64-linux-gnu/9/:/usr/lib/gcc/x86_64-linux-gnu/9/../../../x86_64-linux-gnu/:/usr/lib/gcc/x86_64-linux-gnu/9/../../../../lib/:/lib/x86_64-linux-gnu/:/lib/../lib/:/usr/lib/x86_64-linux-gnu/:/usr/lib/../lib/:/usr/lib/gcc/x86_64-linux-gnu/9/../../../:/lib/:/usr/lib/]
  ignore line: [COLLECT_GCC_OPTIONS='-v' '-rdynamic' '-o' 'cmTC_be264' '-mtune=generic' '-march=x86-64']
  link line: [ /usr/lib/gcc/x86_64-linux-gnu/9/collect2 -plugin /usr/lib/gcc/x86_64-linux-gnu/9/liblto_plugin.so -plugin-opt=/usr/lib/gcc/x86_64-linux-gnu/9/lto-wrapper -plugin-opt=-fresolution=/tmp/ccXyFkDz.res -plugin-opt=-pass-through=-lgcc -plugin-opt=-pass-through=-lgcc_s -plugin-opt=-pass-through=-lc -plugin-opt=-pass-through=-lgcc -plugin-opt=-pass-through=-lgcc_s --build-id --eh-frame-hdr -m elf_x86_64 --hash-style=gnu --as-needed -export-dynamic -dynamic-linker /lib64/ld-linux-x86-64.so.2 -pie -z now -z relro -o cmTC_be264 /usr/lib/gcc/x86_64-linux-gnu/9/../../../x86_64-linux-gnu/Scrt1.o /usr/lib/gcc/x86_64-linux-gnu/9/../../../x86_64-linux-gnu/crti.o /usr/lib/gcc/x86_64-linux-gnu/9/crtbeginS.o -L/usr/lib/gcc/x86_64-linux-gnu/9 -L/usr/lib/gcc/x86_64-linux-gnu/9/../../../x86_64-linux-gnu -L/usr/lib/gcc/x86_64-linux-gnu/9/../../../../lib -L/lib/x86_64-linux-gnu -L/lib/../lib -L/usr/lib/x86_64-linux-gnu -L/usr/lib/../lib -L/usr/lib/gcc/x86_64-linux-gnu/9/../../.. CMakeFiles/cmTC_be264.dir/CMakeCCompilerABI.c.o -lgcc --push-state --as-needed -lgcc_s --pop-state -lc -lgcc --push-state --as-needed -lgcc_s --pop-state /usr/lib/gcc/x86_64-linux-gnu/9/crtendS.o /usr/lib/gcc/x86_64-linux-gnu/9/../../../x86_64-linux-gnu/crtn.o]
    arg [/usr/lib/gcc/x86_64-linux-gnu/9/collect2] ==> ignore
    arg [-plugin] ==> ignore
    arg [/usr/lib/gcc/x86_64-linux-gnu/9/liblto_plugin.so] ==> ignore
    arg [-plugin-opt=/usr/lib/gcc/x86_64-linux-gnu/9/lto-wrapper] ==> ignore
    arg [-plugin-opt=-fresolution=/tmp/ccXyFkDz.res] ==> ignore
    arg [-plugin-opt=-pass-through=-lgcc] ==> ignore
    arg [-plugin-opt=-pass-through=-lgcc_s] ==> ignore
    arg [-plugin-opt=-pass-through=-lc] ==> ignore
    arg [-plugin-opt=-pass-through=-lgcc] ==> ignore
    arg [-plugin-opt=-pass-through=-lgcc_s] ==> ignore
    arg [--build-id] ==> ignore
    arg [--eh-frame-hdr] ==> ignore
    arg [-m] ==> ignore
    arg [elf_x86_64] ==> ignore
    arg [--hash-style=gnu] ==> ignore
    arg [--as-needed] ==> ignore
    arg [-export-dynamic] ==> ignore
    arg [-dynamic-linker] ==> ignore
    arg [/lib64/ld-linux-x86-64.so.2] ==> ignore
    arg [-pie] ==> ignore
    arg [-znow] ==> ignore
    arg [-zrelro] ==> ignore
    arg [-o] ==> ignore
    arg [cmTC_be264] ==> ignore
    arg [/usr/lib/gcc/x86_64-linux-gnu/9/../../../x86_64-linux-gnu/Scrt1.o] ==> ignore
    arg [/usr/lib/gcc/x86_64-linux-gnu/9/../../../x86_64-linux-gnu/crti.o] ==> ignore
    arg [/usr/lib/gcc/x86_64-linux-gnu/9/crtbeginS.o] ==> ignore
    arg [-L/usr/lib/gcc/x86_64-linux-gnu/9] ==> dir [/usr/lib/gcc/x86_64-linux-gnu/9]
    arg [-L/usr/lib/gcc/x86_64-linux-gnu/9/../../../x86_64-linux-gnu] ==> dir [/usr/lib/gcc/x86_64-linux-gnu/9/../../../x86_64-linux-gnu]
    arg [-L/usr/lib/gcc/x86_64-linux-gnu/9/../../../../lib] ==> dir [/usr/lib/gcc/x86_64-linux-gnu/9/../../../../lib]
    arg [-L/lib/x86_64-linux-gnu] ==> dir [/lib/x86_64-linux-gnu]
    arg [-L/lib/../lib] ==> dir [/lib/../lib]
    arg [-L/usr/lib/x86_64-linux-gnu] ==> dir [/usr/lib/x86_64-linux-gnu]
    arg [-L/usr/lib/../lib] ==> dir [/usr/lib/../lib]
    arg [-L/usr/lib/gcc/x86_64-linux-gnu/9/../../..] ==> dir [/usr/lib/gcc/x86_64-linux-gnu/9/../../..]
    arg [CMakeFiles/cmTC_be264.dir/CMakeCCompilerABI.c.o] ==> ignore
    arg [-lgcc] ==> lib [gcc]
    arg [--push-state] ==> ignore
    arg [--as-needed] ==> ignore
    arg [-lgcc_s] ==> lib [gcc_s]
    arg [--pop-state] ==> ignore
    arg [-lc] ==> lib [c]
    arg [-lgcc] ==> lib [gcc]
    arg [--push-state] ==> ignore
    arg [--as-needed] ==> ignore
    arg [-lgcc_s] ==> lib [gcc_s]
    arg [--pop-state] ==> ignore
    arg [/usr/lib/gcc/x86_64-linux-gnu/9/crtendS.o] ==> ignore
    arg [/usr/lib/gcc/x86_64-linux-gnu/9/../../../x86_64-linux-gnu/crtn.o] ==> ignore
  collapse library dir [/usr/lib/gcc/x86_64-linux-gnu/9] ==> [/usr/lib/gcc/x86_64-linux-gnu/9]
  collapse library dir [/usr/lib/gcc/x86_64-linux-gnu/9/../../../x86_64-linux-gnu] ==> [/usr/lib/x86_64-linux-gnu]
  collapse library dir [/usr/lib/gcc/x86_64-linux-gnu/9/../../../../lib] ==> [/usr/lib]
  collapse library dir [/lib/x86_64-linux-gnu] ==> [/lib/x86_64-linux-gnu]
  collapse library dir [/lib/../lib] ==> [/lib]
  collapse library dir [/usr/lib/x86_64-linux-gnu] ==> [/usr/lib/x86_64-linux-gnu]
  collapse library dir [/usr/lib/../lib] ==> [/usr/lib]
  collapse library dir [/usr/lib/gcc/x86_64-linux-gnu/9/../../..] ==> [/usr/lib]
  implicit libs: [gcc;gcc_s;c;gcc;gcc_s]
  implicit dirs: [/usr/lib/gcc/x86_64-linux-gnu/9;/usr/lib/x86_64-linux-gnu;/usr/lib;/lib/x86_64-linux-gnu;/lib]
  implicit fwks: []


Performing C SOURCE FILE Test FLAG_SUPPORTED_stdc89 succeeded with the following output:
Change Dir: /home/owner/Desktop/programming/ses2019_2/cJSON-master/build/CMakeFiles/CMakeTmp

Run Build Command(s):/usr/bin/make cmTC_30c2a/fast && /usr/bin/make -f CMakeFiles/cmTC_30c2a.dir/build.make CMakeFiles/cmTC_30c2a.dir/build
make[1]: Entering directory '/home/owner/Desktop/programming/ses2019_2/cJSON-master/build/CMakeFiles/CMakeTmp'
Building C object CMakeFiles/cmTC_30c2a.dir/src.c.o
/usr/bin/cc   -DFLAG_SUPPORTED_stdc89   -std=c89 -o CMakeFiles/cmTC_30c2a.dir/src.c.o   -c /home/owner/Desktop/programming/ses2019_2/cJSON-master/build/CMakeFiles/CMakeTmp/src.c
Linking C executable cmTC_30c2a
/usr/bin/cmake -E cmake_link_script CMakeFiles/cmTC_30c2a.dir/link.txt --verbose=1
/usr/bin/cc  -DFLAG_SUPPORTED_stdc89    -rdynamic CMakeFiles/cmTC_30c2a.dir/src.c.o  -o cmTC_30c2a 
make[1]: Leaving directory '/home/owner/Desktop/programming/ses2019_2/cJSON-master/build/CMakeFiles/CMakeTmp'


Source file was:
int main(void) { return 0; }
Performing C SOURCE FILE Test FLAG_SUPPORTED_pedantic succeeded with the following output:
Change Dir: /home/owner/Desktop/programming/ses2019_2/cJSON-master/build/CMakeFiles/CMakeTmp

Run Build Command(s):/usr/bin/make cmTC_70ba9/fast && /usr/bin/make -f CMakeFiles/cmTC_70ba9.dir/build.make CMakeFiles/cmTC_70ba9.dir/build
make[1]: Entering directory '/home/owner/Desktop/programming/ses2019_2/cJSON-master/build/CMakeFiles/CMakeTmp'
Building C object CMakeFiles/cmTC_70ba9.dir/src.c.o
/usr/bin/cc   -std=c89 -DFLAG_SUPPORTED_pedantic   -pedantic -o CMakeFiles/cmTC_70ba9.dir/src.c.o   -c /home/owner/Desktop/programming/ses2019_2/cJSON-master/build/CMakeFiles/CMakeTmp/src.c
Linking C executable cmTC_70ba9
/usr/bin/cmake -E cmake_link_script CMakeFiles/cmTC_70ba9.dir/link.txt --verbose=1
/usr/bin/cc  -std=c89 -DFLAG_SUPPORTED_pedantic    -rdynamic CMakeFiles/cmTC_70ba9.dir/src.c.o  -o cmTC_70ba9 
make[1]: Leaving directory '/home/owner/Desktop/programming/ses2019_2/cJSON-master/build/CMakeFiles/CMakeTmp'


Source file was:
int main(void) { return 0; }
Performing C SOURCE FILE Test FLAG_SUPPORTED_Wall succeeded with the following output:
Change Dir: /home/owner/Desktop/programming/ses2019_2/cJSON-master/build/CMakeFiles/CMakeTmp

Run Build Command(s):/usr/bin/make cmTC_d2630/fast && /usr/bin/make -f CMakeFiles/cmTC_d2630.dir/build.make CMakeFiles/cmTC_d2630.dir/build
make[1]: Entering directory '/home/owner/Desktop/programming/ses2019_2/cJSON-master/build/CMakeFiles/CMakeTmp'
Building C object CMakeFiles/cmTC_d2630.dir/src.c.o
/usr/bin/cc   -std=c89 -pedantic -DFLAG_SUPPORTED_Wall   -Wall -o CMakeFiles/cmTC_d2630.dir/src.c.o   -c /home/owner/Desktop/programming/ses2019_2/cJSON-master/build/CMakeFiles/CMakeTmp/src.c
Linking C executable cmTC_d2630
/usr/bin/cmake -E cmake_link_script CMakeFiles/cmTC_d2630.dir/link.txt --verbose=1
/usr/bin/cc  -std=c89 -pedantic -DFLAG_SUPPORTED_Wall    -rdynamic CMakeFiles/cmTC_d2630.dir/src.c.o  -o cmTC_d2630 
make[1]: Leaving directory '/home/owner/Desktop/programming/ses2019_2/cJSON-master/build/CMakeFiles/CMakeTmp'


Source file was:
int main(void) { return 0; }
Performing C SOURCE FILE Test FLAG_SUPPORTED_Wextra succeeded with the following output:
Change Dir: /home/owner/Desktop/programming/ses2019_2/cJSON-master/build/CMakeFiles/CMakeTmp

Run Build Command(s):/usr/bin/make cmTC_4db2a/fast && /usr/bin/make -f CMakeFiles/cmTC_4db2a.dir/build.make CMakeFiles/cmTC_4db2a.dir/build
make[1]: Entering directory '/home/owner/Desktop/programming/ses2019_2/cJSON-master/build/CMakeFiles/CMakeTmp'
Building C object CMakeFiles/cmTC_4db2a.dir/src.c.o
/usr/bin/cc   -std=c89 -pedantic -Wall -DFLAG_SUPPORTED_Wextra   -Wextra -o CMakeFiles/cmTC_4db2a.dir/src.c.o   -c /home/owner/Desktop/programming/ses2019_2/cJSON-master/build/CMakeFiles/CMakeTmp/src.c
Linking C executable cmTC_4db2a
/usr/bin/cmake -E cmake_link_script CMakeFiles/cmTC_4db2a.dir/link.txt --verbose=1
/usr/bin/cc  -std=c89 -pedantic -Wall -DFLAG_SUPPORTED_Wextra    -rdynamic CMakeFiles/cmTC_4db2a.dir/src.c.o  -o cmTC_4db2a 
make[1]: Leaving directory '/home/owner/Desktop/programming/ses2019_2/cJSON-master/build/CMakeFiles/CMakeTmp'


Source file was:
int main(void) { return 0; }
Performing C SOURCE FILE Test FLAG_SUPPORTED_Werror succeeded with the following output:
Change Dir: /home/owner/Desktop/programming/ses2019_2/cJSON-master/build/CMakeFiles/CMakeTmp

Run Build Command(s):/usr/bin/make cmTC_a1ab2/fast && /usr/bin/make -f CMakeFiles/cmTC_a1ab2.dir/build.make CMakeFiles/cmTC_a1ab2.dir/build
make[1]: Entering directory '/home/owner/Desktop/programming/ses2019_2/cJSON-master/build/CMakeFiles/CMakeTmp'
Building C object CMakeFiles/cmTC_a1ab2.dir/src.c.o
/usr/bin/cc   -std=c89 -pedantic -Wall -Wextra -DFLAG_SUPPORTED_Werror   -Werror -o CMakeFiles/cmTC_a1ab2.dir/src.c.o   -c /home/owner/Desktop/programming/ses2019_2/cJSON-master/build/CMakeFiles/CMakeTmp/src.c
Linking C executable cmTC_a1ab2
/usr/bin/cmake -E cmake_link_script CMakeFiles/cmTC_a1ab2.dir/link.txt --verbose=1
/usr/bin/cc  -std=c89 -pedantic -Wall -Wextra -DFLAG_SUPPORTED_Werror    -rdynamic CMakeFiles/cmTC_a1ab2.dir/src.c.o  -o cmTC_a1ab2 
make[1]: Leaving directory '/home/owner/Desktop/programming/ses2019_2/cJSON-master/build/CMakeFiles/CMakeTmp'


Source file was:
int main(void) { return 0; }
Performing C SOURCE FILE Test FLAG_SUPPORTED_Wstrictprototypes succeeded with the following output:
Change Dir: /home/owner/Desktop/programming/ses2019_2/cJSON-master/build/CMakeFiles/CMakeTmp

Run Build Command(s):/usr/bin/make cmTC_f0e9a/fast && /usr/bin/make -f CMakeFiles/cmTC_f0e9a.dir/build.make CMakeFiles/cmTC_f0e9a.dir/build
make[1]: Entering directory '/home/owner/Desktop/programming/ses2019_2/cJSON-master/build/CMakeFiles/CMakeTmp'
Building C object CMakeFiles/cmTC_f0e9a.dir/src.c.o
/usr/bin/cc   -std=c89 -pedantic -Wall -Wextra -Werror -DFLAG_SUPPORTED_Wstrictprototypes   -Wstrict-prototypes -o CMakeFiles/cmTC_f0e9a.dir/src.c.o   -c /home/owner/Desktop/programming/ses2019_2/cJSON-master/build/CMakeFiles/CMakeTmp/src.c
Linking C executable cmTC_f0e9a
/usr/bin/cmake -E cmake_link_script CMakeFiles/cmTC_f0e9a.dir/link.txt --verbose=1
/usr/bin/cc  -std=c89 -pedantic -Wall -Wextra -Werror -DFLAG_SUPPORTED_Wstrictprototypes    -rdynamic CMakeFiles/cmTC_f0e9a.dir/src.c.o  -o cmTC_f0e9a 
make[1]: Leaving directory '/home/owner/Desktop/programming/ses2019_2/cJSON-master/build/CMakeFiles/CMakeTmp'


Source file was:
int main(void) { return 0; }
Performing C SOURCE FILE Test FLAG_SUPPORTED_Wwritestrings succeeded with the following output:
Change Dir: /home/owner/Desktop/programming/ses2019_2/cJSON-master/build/CMakeFiles/CMakeTmp

Run Build Command(s):/usr/bin/make cmTC_222a0/fast && /usr/bin/make -f CMakeFiles/cmTC_222a0.dir/build.make CMakeFiles/cmTC_222a0.dir/build
make[1]: Entering directory '/home/owner/Desktop/programming/ses2019_2/cJSON-master/build/CMakeFiles/CMakeTmp'
Building C object CMakeFiles/cmTC_222a0.dir/src.c.o
/usr/bin/cc   -std=c89 -pedantic -Wall -Wextra -Werror -Wstrict-prototypes -DFLAG_SUPPORTED_Wwritestrings   -Wwrite-strings -o CMakeFiles/cmTC_222a0.dir/src.c.o   -c /home/owner/Desktop/programming/ses2019_2/cJSON-master/build/CMakeFiles/CMakeTmp/src.c
Linking C executable cmTC_222a0
/usr/bin/cmake -E cmake_link_script CMakeFiles/cmTC_222a0.dir/link.txt --verbose=1
/usr/bin/cc  -std=c89 -pedantic -Wall -Wextra -Werror -Wstrict-prototypes -DFLAG_SUPPORTED_Wwritestrings    -rdynamic CMakeFiles/cmTC_222a0.dir/src.c.o  -o cmTC_222a0 
make[1]: Leaving directory '/home/owner/Desktop/programming/ses2019_2/cJSON-master/build/CMakeFiles/CMakeTmp'


Source file was:
int main(void) { return 0; }
Performing C SOURCE FILE Test FLAG_SUPPORTED_Wshadow succeeded with the following output:
Change Dir: /home/owner/Desktop/programming/ses2019_2/cJSON-master/build/CMakeFiles/CMakeTmp

Run Build Command(s):/usr/bin/make cmTC_f7701/fast && /usr/bin/make -f CMakeFiles/cmTC_f7701.dir/build.make CMakeFiles/cmTC_f7701.dir/build
make[1]: Entering directory '/home/owner/Desktop/programming/ses2019_2/cJSON-master/build/CMakeFiles/CMakeTmp'
Building C object CMakeFiles/cmTC_f7701.dir/src.c.o
/usr/bin/cc   -std=c89 -pedantic -Wall -Wextra -Werror -Wstrict-prototypes -Wwrite-strings -DFLAG_SUPPORTED_Wshadow   -Wshadow -o CMakeFiles/cmTC_f7701.dir/src.c.o   -c /home/owner/Desktop/programming/ses2019_2/cJSON-master/build/CMakeFiles/CMakeTmp/src.c
Linking C executable cmTC_f7701
/usr/bin/cmake -E cmake_link_script CMakeFiles/cmTC_f7701.dir/link.txt --verbose=1
/usr/bin/cc  -std=c89 -pedantic -Wall -Wextra -Werror -Wstrict-prototypes -Wwrite-strings -DFLAG_SUPPORTED_Wshadow    -rdynamic CMakeFiles/cmTC_f7701.dir/src.c.o  -o cmTC_f7701 
make[1]: Leaving directory '/home/owner/Desktop/programming/ses2019_2/cJSON-master/build/CMakeFiles/CMakeTmp'


Source file was:
int main(void) { return 0; }
Performing C SOURCE FILE Test FLAG_SUPPORTED_Winitself succeeded with the following output:
Change Dir: /home/owner/Desktop/programming/ses2019_2/cJSON-master/build/CMakeFiles/CMakeTmp

Run Build Command(s):/usr/bin/make cmTC_02654/fast && /usr/bin/make -f CMakeFiles/cmTC_02654.dir/build.make CMakeFiles/cmTC_02654.dir/build
make[1]: Entering directory '/home/owner/Desktop/programming/ses2019_2/cJSON-master/build/CMakeFiles/CMakeTmp'
Building C object CMakeFiles/cmTC_02654.dir/src.c.o
/usr/bin/cc   -std=c89 -pedantic -Wall -Wextra -Werror -Wstrict-prototypes -Wwrite-strings -Wshadow -DFLAG_SUPPORTED_Winitself   -Winit-self -o CMakeFiles/cmTC_02654.dir/src.c.o   -c /home/owner/Desktop/programming/ses2019_2/cJSON-master/build/CMakeFiles/CMakeTmp/src.c
Linking C executable cmTC_02654
/usr/bin/cmake -E cmake_link_script CMakeFiles/cmTC_02654.dir/link.txt --verbose=1
/usr/bin/cc  -std=c89 -pedantic -Wall -Wextra -Werror -Wstrict-prototypes -Wwrite-strings -Wshadow -DFLAG_SUPPORTED_Winitself    -rdynamic CMakeFiles/cmTC_02654.dir/src.c.o  -o cmTC_02654 
make[1]: Leaving directory '/home/owner/Desktop/programming/ses2019_2/cJSON-master/build/CMakeFiles/CMakeTmp'


Source file was:
int main(void) { return 0; }
Performing C SOURCE FILE Test FLAG_SUPPORTED_Wcastalign succeeded with the following output:
Change Dir: /home/owner/Desktop/programming/ses2019_2/cJSON-master/build/CMakeFiles/CMakeTmp

Run Build Command(s):/usr/bin/make cmTC_b9cee/fast && /usr/bin/make -f CMakeFiles/cmTC_b9cee.dir/build.make CMakeFiles/cmTC_b9cee.dir/build
make[1]: Entering directory '/home/owner/Desktop/programming/ses2019_2/cJSON-master/build/CMakeFiles/CMakeTmp'
Building C object CMakeFiles/cmTC_b9cee.dir/src.c.o
/usr/bin/cc   -std=c89 -pedantic -Wall -Wextra -Werror -Wstrict-prototypes -Wwrite-strings -Wshadow -Winit-self -DFLAG_SUPPORTED_Wcastalign   -Wcast-align -o CMakeFiles/cmTC_b9cee.dir/src.c.o   -c /home/owner/Desktop/programming/ses2019_2/cJSON-master/build/CMakeFiles/CMakeTmp/src.c
Linking C executable cmTC_b9cee
/usr/bin/cmake -E cmake_link_script CMakeFiles/cmTC_b9cee.dir/link.txt --verbose=1
/usr/bin/cc  -std=c89 -pedantic -Wall -Wextra -Werror -Wstrict-prototypes -Wwrite-strings -Wshadow -Winit-self -DFLAG_SUPPORTED_Wcastalign    -rdynamic CMakeFiles/cmTC_b9cee.dir/src.c.o  -o cmTC_b9cee 
make[1]: Leaving directory '/home/owner/Desktop/programming/ses2019_2/cJSON-master/build/CMakeFiles/CMakeTmp'


Source file was:
int main(void) { return 0; }
Performing C SOURCE FILE Test FLAG_SUPPORTED_Wformat2 succeeded with the following output:
Change Dir: /home/owner/Desktop/programming/ses2019_2/cJSON-master/build/CMakeFiles/CMakeTmp

Run Build Command(s):/usr/bin/make cmTC_716ac/fast && /usr/bin/make -f CMakeFiles/cmTC_716ac.dir/build.make CMakeFiles/cmTC_716ac.dir/build
make[1]: Entering directory '/home/owner/Desktop/programming/ses2019_2/cJSON-master/build/CMakeFiles/CMakeTmp'
Building C object CMakeFiles/cmTC_716ac.dir/src.c.o
/usr/bin/cc   -std=c89 -pedantic -Wall -Wextra -Werror -Wstrict-prototypes -Wwrite-strings -Wshadow -Winit-self -Wcast-align -DFLAG_SUPPORTED_Wformat2   -Wformat=2 -o CMakeFiles/cmTC_716ac.dir/src.c.o   -c /home/owner/Desktop/programming/ses2019_2/cJSON-master/build/CMakeFiles/CMakeTmp/src.c
Linking C executable cmTC_716ac
/usr/bin/cmake -E cmake_link_script CMakeFiles/cmTC_716ac.dir/link.txt --verbose=1
/usr/bin/cc  -std=c89 -pedantic -Wall -Wextra -Werror -Wstrict-prototypes -Wwrite-strings -Wshadow -Winit-self -Wcast-align -DFLAG_SUPPORTED_Wformat2    -rdynamic CMakeFiles/cmTC_716ac.dir/src.c.o  -o cmTC_716ac 
make[1]: Leaving directory '/home/owner/Desktop/programming/ses2019_2/cJSON-master/build/CMakeFiles/CMakeTmp'


Source file was:
int main(void) { return 0; }
Performing C SOURCE FILE Test FLAG_SUPPORTED_Wmissingprototypes succeeded with the following output:
Change Dir: /home/owner/Desktop/programming/ses2019_2/cJSON-master/build/CMakeFiles/CMakeTmp

Run Build Command(s):/usr/bin/make cmTC_96499/fast && /usr/bin/make -f CMakeFiles/cmTC_96499.dir/build.make CMakeFiles/cmTC_96499.dir/build
make[1]: Entering directory '/home/owner/Desktop/programming/ses2019_2/cJSON-master/build/CMakeFiles/CMakeTmp'
Building C object CMakeFiles/cmTC_96499.dir/src.c.o
/usr/bin/cc   -std=c89 -pedantic -Wall -Wextra -Werror -Wstrict-prototypes -Wwrite-strings -Wshadow -Winit-self -Wcast-align -Wformat=2 -DFLAG_SUPPORTED_Wmissingprototypes   -Wmissing-prototypes -o CMakeFiles/cmTC_96499.dir/src.c.o   -c /home/owner/Desktop/programming/ses2019_2/cJSON-master/build/CMakeFiles/CMakeTmp/src.c
Linking C executable cmTC_96499
/usr/bin/cmake -E cmake_link_script CMakeFiles/cmTC_96499.dir/link.txt --verbose=1
/usr/bin/cc  -std=c89 -pedantic -Wall -Wextra -Werror -Wstrict-prototypes -Wwrite-strings -Wshadow -Winit-self -Wcast-align -Wformat=2 -DFLAG_SUPPORTED_Wmissingprototypes    -rdynamic CMakeFiles/cmTC_96499.dir/src.c.o  -o cmTC_96499 
make[1]: Leaving directory '/home/owner/Desktop/programming/ses2019_2/cJSON-master/build/CMakeFiles/CMakeTmp'


Source file was:
int main(void) { return 0; }
Performing C SOURCE FILE Test FLAG_SUPPORTED_Wstrictoverflow2 succeeded with the following output:
Change Dir: /home/owner/Desktop/programming/ses2019_2/cJSON-master/build/CMakeFiles/CMakeTmp

Run Build Command(s):/usr/bin/make cmTC_0773c/fast && /usr/bin/make -f CMakeFiles/cmTC_0773c.dir/build.make CMakeFiles/cmTC_0773c.dir/build
make[1]: Entering directory '/home/owner/Desktop/programming/ses2019_2/cJSON-master/build/CMakeFiles/CMakeTmp'
Building C object CMakeFiles/cmTC_0773c.dir/src.c.o
/usr/bin/cc   -std=c89 -pedantic -Wall -Wextra -Werror -Wstrict-prototypes -Wwrite-strings -Wshadow -Winit-self -Wcast-align -Wformat=2 -Wmissing-prototypes -DFLAG_SUPPORTED_Wstrictoverflow2   -Wstrict-overflow=2 -o CMakeFiles/cmTC_0773c.dir/src.c.o   -c /home/owner/Desktop/programming/ses2019_2/cJSON-master/build/CMakeFiles/CMakeTmp/src.c
Linking C executable cmTC_0773c
/usr/bin/cmake -E cmake_link_script CMakeFiles/cmTC_0773c.dir/link.txt --verbose=1
/usr/bin/cc  -std=c89 -pedantic -Wall -Wextra -Werror -Wstrict-prototypes -Wwrite-strings -Wshadow -Winit-self -Wcast-align -Wformat=2 -Wmissing-prototypes -DFLAG_SUPPORTED_Wstrictoverflow2    -rdynamic CMakeFiles/cmTC_0773c.dir/src.c.o  -o cmTC_0773c 
make[1]: Leaving directory '/home/owner/Desktop/programming/ses2019_2/cJSON-master/build/CMakeFiles/CMakeTmp'


Source file was:
int main(void) { return 0; }
Performing C SOURCE FILE Test FLAG_SUPPORTED_Wcastqual succeeded with the following output:
Change Dir: /home/owner/Desktop/programming/ses2019_2/cJSON-master/build/CMakeFiles/CMakeTmp

Run Build Command(s):/usr/bin/make cmTC_81310/fast && /usr/bin/make -f CMakeFiles/cmTC_81310.dir/build.make CMakeFiles/cmTC_81310.dir/build
make[1]: Entering directory '/home/owner/Desktop/programming/ses2019_2/cJSON-master/build/CMakeFiles/CMakeTmp'
Building C object CMakeFiles/cmTC_81310.dir/src.c.o
/usr/bin/cc   -std=c89 -pedantic -Wall -Wextra -Werror -Wstrict-prototypes -Wwrite-strings -Wshadow -Winit-self -Wcast-align -Wformat=2 -Wmissing-prototypes -Wstrict-overflow=2 -DFLAG_SUPPORTED_Wcastqual   -Wcast-qual -o CMakeFiles/cmTC_81310.dir/src.c.o   -c /home/owner/Desktop/programming/ses2019_2/cJSON-master/build/CMakeFiles/CMakeTmp/src.c
Linking C executable cmTC_81310
/usr/bin/cmake -E cmake_link_script CMakeFiles/cmTC_81310.dir/link.txt --verbose=1
/usr/bin/cc  -std=c89 -pedantic -Wall -Wextra -Werror -Wstrict-prototypes -Wwrite-strings -Wshadow -Winit-self -Wcast-align -Wformat=2 -Wmissing-prototypes -Wstrict-overflow=2 -DFLAG_SUPPORTED_Wcastqual    -rdynamic CMakeFiles/cmTC_81310.dir/src.c.o  -o cmTC_81310 
make[1]: Leaving directory '/home/owner/Desktop/programming/ses2019_2/cJSON-master/build/CMakeFiles/CMakeTmp'


Source file was:
int main(void) { return 0; }
Performing C SOURCE FILE Test FLAG_SUPPORTED_Wundef succeeded with the following output:
Change Dir: /home/owner/Desktop/programming/ses2019_2/cJSON-master/build/CMakeFiles/CMakeTmp

Run Build Command(s):/usr/bin/make cmTC_4c689/fast && /usr/bin/make -f CMakeFiles/cmTC_4c689.dir/build.make CMakeFiles/cmTC_4c689.dir/build
make[1]: Entering directory '/home/owner/Desktop/programming/ses2019_2/cJSON-master/build/CMakeFiles/CMakeTmp'
Building C object CMakeFiles/cmTC_4c689.dir/src.c.o
/usr/bin/cc   -std=c89 -pedantic -Wall -Wextra -Werror -Wstrict-prototypes -Wwrite-strings -Wshadow -Winit-self -Wcast-align -Wformat=2 -Wmissing-prototypes -Wstrict-overflow=2 -Wcast-qual -DFLAG_SUPPORTED_Wundef   -Wundef -o CMakeFiles/cmTC_4c689.dir/src.c.o   -c /home/owner/Desktop/programming/ses2019_2/cJSON-master/build/CMakeFiles/CMakeTmp/src.c
Linking C executable cmTC_4c689
/usr/bin/cmake -E cmake_link_script CMakeFiles/cmTC_4c689.dir/link.txt --verbose=1
/usr/bin/cc  -std=c89 -pedantic -Wall -Wextra -Werror -Wstrict-prototypes -Wwrite-strings -Wshadow -Winit-self -Wcast-align -Wformat=2 -Wmissing-prototypes -Wstrict-overflow=2 -Wcast-qual -DFLAG_SUPPORTED_Wundef    -rdynamic CMakeFiles/cmTC_4c689.dir/src.c.o  -o cmTC_4c689 
make[1]: Leaving directory '/home/owner/Desktop/programming/ses2019_2/cJSON-master/build/CMakeFiles/CMakeTmp'


Source file was:
int main(void) { return 0; }
Performing C SOURCE FILE Test FLAG_SUPPORTED_Wswitchdefault succeeded with the following output:
Change Dir: /home/owner/Desktop/programming/ses2019_2/cJSON-master/build/CMakeFiles/CMakeTmp

Run Build Command(s):/usr/bin/make cmTC_4174e/fast && /usr/bin/make -f CMakeFiles/cmTC_4174e.dir/build.make CMakeFiles/cmTC_4174e.dir/build
make[1]: Entering directory '/home/owner/Desktop/programming/ses2019_2/cJSON-master/build/CMakeFiles/CMakeTmp'
Building C object CMakeFiles/cmTC_4174e.dir/src.c.o
/usr/bin/cc   -std=c89 -pedantic -Wall -Wextra -Werror -Wstrict-prototypes -Wwrite-strings -Wshadow -Winit-self -Wcast-align -Wformat=2 -Wmissing-prototypes -Wstrict-overflow=2 -Wcast-qual -Wundef -DFLAG_SUPPORTED_Wswitchdefault   -Wswitch-default -o CMakeFiles/cmTC_4174e.dir/src.c.o   -c /home/owner/Desktop/programming/ses2019_2/cJSON-master/build/CMakeFiles/CMakeTmp/src.c
Linking C executable cmTC_4174e
/usr/bin/cmake -E cmake_link_script CMakeFiles/cmTC_4174e.dir/link.txt --verbose=1
/usr/bin/cc  -std=c89 -pedantic -Wall -Wextra -Werror -Wstrict-prototypes -Wwrite-strings -Wshadow -Winit-self -Wcast-align -Wformat=2 -Wmissing-prototypes -Wstrict-overflow=2 -Wcast-qual -Wundef -DFLAG_SUPPORTED_Wswitchdefault    -rdynamic CMakeFiles/cmTC_4174e.dir/src.c.o  -o cmTC_4174e 
make[1]: Leaving directory '/home/owner/Desktop/programming/ses2019_2/cJSON-master/build/CMakeFiles/CMakeTmp'


Source file was:
int main(void) { return 0; }
Performing C SOURCE FILE Test FLAG_SUPPORTED_Wconversion succeeded with the following output:
Change Dir: /home/owner/Desktop/programming/ses2019_2/cJSON-master/build/CMakeFiles/CMakeTmp

Run Build Command(s):/usr/bin/make cmTC_ce30f/fast && /usr/bin/make -f CMakeFiles/cmTC_ce30f.dir/build.make CMakeFiles/cmTC_ce30f.dir/build
make[1]: Entering directory '/home/owner/Desktop/programming/ses2019_2/cJSON-master/build/CMakeFiles/CMakeTmp'
Building C object CMakeFiles/cmTC_ce30f.dir/src.c.o
/usr/bin/cc   -std=c89 -pedantic -Wall -Wextra -Werror -Wstrict-prototypes -Wwrite-strings -Wshadow -Winit-self -Wcast-align -Wformat=2 -Wmissing-prototypes -Wstrict-overflow=2 -Wcast-qual -Wundef -Wswitch-default -DFLAG_SUPPORTED_Wconversion   -Wconversion -o CMakeFiles/cmTC_ce30f.dir/src.c.o   -c /home/owner/Desktop/programming/ses2019_2/cJSON-master/build/CMakeFiles/CMakeTmp/src.c
Linking C executable cmTC_ce30f
/usr/bin/cmake -E cmake_link_script CMakeFiles/cmTC_ce30f.dir/link.txt --verbose=1
/usr/bin/cc  -std=c89 -pedantic -Wall -Wextra -Werror -Wstrict-prototypes -Wwrite-strings -Wshadow -Winit-self -Wcast-align -Wformat=2 -Wmissing-prototypes -Wstrict-overflow=2 -Wcast-qual -Wundef -Wswitch-default -DFLAG_SUPPORTED_Wconversion    -rdynamic CMakeFiles/cmTC_ce30f.dir/src.c.o  -o cmTC_ce30f 
make[1]: Leaving directory '/home/owner/Desktop/programming/ses2019_2/cJSON-master/build/CMakeFiles/CMakeTmp'


Source file was:
int main(void) { return 0; }
Performing C SOURCE FILE Test FLAG_SUPPORTED_Wccompat succeeded with the following output:
Change Dir: /home/owner/Desktop/programming/ses2019_2/cJSON-master/build/CMakeFiles/CMakeTmp

Run Build Command(s):/usr/bin/make cmTC_9ed08/fast && /usr/bin/make -f CMakeFiles/cmTC_9ed08.dir/build.make CMakeFiles/cmTC_9ed08.dir/build
make[1]: Entering directory '/home/owner/Desktop/programming/ses2019_2/cJSON-master/build/CMakeFiles/CMakeTmp'
Building C object CMakeFiles/cmTC_9ed08.dir/src.c.o
/usr/bin/cc   -std=c89 -pedantic -Wall -Wextra -Werror -Wstrict-prototypes -Wwrite-strings -Wshadow -Winit-self -Wcast-align -Wformat=2 -Wmissing-prototypes -Wstrict-overflow=2 -Wcast-qual -Wundef -Wswitch-default -Wconversion -DFLAG_SUPPORTED_Wccompat   -Wc++-compat -o CMakeFiles/cmTC_9ed08.dir/src.c.o   -c /home/owner/Desktop/programming/ses2019_2/cJSON-master/build/CMakeFiles/CMakeTmp/src.c
Linking C executable cmTC_9ed08
/usr/bin/cmake -E cmake_link_script CMakeFiles/cmTC_9ed08.dir/link.txt --verbose=1
/usr/bin/cc  -std=c89 -pedantic -Wall -Wextra -Werror -Wstrict-prototypes -Wwrite-strings -Wshadow -Winit-self -Wcast-align -Wformat=2 -Wmissing-prototypes -Wstrict-overflow=2 -Wcast-qual -Wundef -Wswitch-default -Wconversion -DFLAG_SUPPORTED_Wccompat    -rdynamic CMakeFiles/cmTC_9ed08.dir/src.c.o  -o cmTC_9ed08 
make[1]: Leaving directory '/home/owner/Desktop/programming/ses2019_2/cJSON-master/build/CMakeFiles/CMakeTmp'


Source file was:
int main(void) { return 0; }
Performing C SOURCE FILE Test FLAG_SUPPORTED_fstackprotectorstrong succeeded with the following output:
Change Dir: /home/owner/Desktop/programming/ses2019_2/cJSON-master/build/CMakeFiles/CMakeTmp

Run Build Command(s):/usr/bin/make cmTC_8097a/fast && /usr/bin/make -f CMakeFiles/cmTC_8097a.dir/build.make CMakeFiles/cmTC_8097a.dir/build
make[1]: Entering directory '/home/owner/Desktop/programming/ses2019_2/cJSON-master/build/CMakeFiles/CMakeTmp'
Building C object CMakeFiles/cmTC_8097a.dir/src.c.o
/usr/bin/cc   -std=c89 -pedantic -Wall -Wextra -Werror -Wstrict-prototypes -Wwrite-strings -Wshadow -Winit-self -Wcast-align -Wformat=2 -Wmissing-prototypes -Wstrict-overflow=2 -Wcast-qual -Wundef -Wswitch-default -Wconversion -Wc++-compat -DFLAG_SUPPORTED_fstackprotectorstrong   -fstack-protector-strong -o CMakeFiles/cmTC_8097a.dir/src.c.o   -c /home/owner/Desktop/programming/ses2019_2/cJSON-master/build/CMakeFiles/CMakeTmp/src.c
Linking C executable cmTC_8097a
/usr/bin/cmake -E cmake_link_script CMakeFiles/cmTC_8097a.dir/link.txt --verbose=1
/usr/bin/cc  -std=c89 -pedantic -Wall -Wextra -Werror -Wstrict-prototypes -Wwrite-strings -Wshadow -Winit-self -Wcast-align -Wformat=2 -Wmissing-prototypes -Wstrict-overflow=2 -Wcast-qual -Wundef -Wswitch-default -Wconversion -Wc++-compat -DFLAG_SUPPORTED_fstackprotectorstrong    -rdynamic CMakeFiles/cmTC_8097a.dir/src.c.o  -o cmTC_8097a 
make[1]: Leaving directory '/home/owner/Desktop/programming/ses2019_2/cJSON-master/build/CMakeFiles/CMakeTmp'


Source file was:
int main(void) { return 0; }
Performing C SOURCE FILE Test FLAG_SUPPORTED_Wdoublepromotion succeeded with the following output:
Change Dir: /home/owner/Desktop/programming/ses2019_2/cJSON-master/build/CMakeFiles/CMakeTmp

Run Build Command(s):/usr/bin/make cmTC_b8cc2/fast && /usr/bin/make -f CMakeFiles/cmTC_b8cc2.dir/build.make CMakeFiles/cmTC_b8cc2.dir/build
make[1]: Entering directory '/home/owner/Desktop/programming/ses2019_2/cJSON-master/build/CMakeFiles/CMakeTmp'
Building C object CMakeFiles/cmTC_b8cc2.dir/src.c.o
/usr/bin/cc   -std=c89 -pedantic -Wall -Wextra -Werror -Wstrict-prototypes -Wwrite-strings -Wshadow -Winit-self -Wcast-align -Wformat=2 -Wmissing-prototypes -Wstrict-overflow=2 -Wcast-qual -Wundef -Wswitch-default -Wconversion -Wc++-compat -fstack-protector-strong -DFLAG_SUPPORTED_Wdoublepromotion   -Wdouble-promotion -o CMakeFiles/cmTC_b8cc2.dir/src.c.o   -c /home/owner/Desktop/programming/ses2019_2/cJSON-master/build/CMakeFiles/CMakeTmp/src.c
Linking C executable cmTC_b8cc2
/usr/bin/cmake -E cmake_link_script CMakeFiles/cmTC_b8cc2.dir/link.txt --verbose=1
/usr/bin/cc  -std=c89 -pedantic -Wall -Wextra -Werror -Wstrict-prototypes -Wwrite-strings -Wshadow -Winit-self -Wcast-align -Wformat=2 -Wmissing-prototypes -Wstrict-overflow=2 -Wcast-qual -Wundef -Wswitch-default -Wconversion -Wc++-compat -fstack-protector-strong -DFLAG_SUPPORTED_Wdoublepromotion    -rdynamic CMakeFiles/cmTC_b8cc2.dir/src.c.o  -o cmTC_b8cc2 
make[1]: Leaving directory '/home/owner/Desktop/programming/ses2019_2/cJSON-master/build/CMakeFiles/CMakeTmp'


Source file was:
int main(void) { return 0; }
Performing C SOURCE FILE Test FLAG_SUPPORTED_Wparentheses succeeded with the following output:
Change Dir: /home/owner/Desktop/programming/ses2019_2/cJSON-master/build/CMakeFiles/CMakeTmp

Run Build Command(s):/usr/bin/make cmTC_17536/fast && /usr/bin/make -f CMakeFiles/cmTC_17536.dir/build.make CMakeFiles/cmTC_17536.dir/build
make[1]: Entering directory '/home/owner/Desktop/programming/ses2019_2/cJSON-master/build/CMakeFiles/CMakeTmp'
Building C object CMakeFiles/cmTC_17536.dir/src.c.o
/usr/bin/cc   -std=c89 -pedantic -Wall -Wextra -Werror -Wstrict-prototypes -Wwrite-strings -Wshadow -Winit-self -Wcast-align -Wformat=2 -Wmissing-prototypes -Wstrict-overflow=2 -Wcast-qual -Wundef -Wswitch-default -Wconversion -Wc++-compat -fstack-protector-strong -Wdouble-promotion -DFLAG_SUPPORTED_Wparentheses   -Wparentheses -o CMakeFiles/cmTC_17536.dir/src.c.o   -c /home/owner/Desktop/programming/ses2019_2/cJSON-master/build/CMakeFiles/CMakeTmp/src.c
Linking C executable cmTC_17536
/usr/bin/cmake -E cmake_link_script CMakeFiles/cmTC_17536.dir/link.txt --verbose=1
/usr/bin/cc  -std=c89 -pedantic -Wall -Wextra -Werror -Wstrict-prototypes -Wwrite-strings -Wshadow -Winit-self -Wcast-align -Wformat=2 -Wmissing-prototypes -Wstrict-overflow=2 -Wcast-qual -Wundef -Wswitch-default -Wconversion -Wc++-compat -fstack-protector-strong -Wdouble-promotion -DFLAG_SUPPORTED_Wparentheses    -rdynamic CMakeFiles/cmTC_17536.dir/src.c.o  -o cmTC_17536 
make[1]: Leaving directory '/home/owner/Desktop/programming/ses2019_2/cJSON-master/build/CMakeFiles/CMakeTmp'


Source file was:
int main(void) { return 0; }
Performing C SOURCE FILE Test FLAG_SUPPORTED_Wformatoverflow succeeded with the following output:
Change Dir: /home/owner/Desktop/programming/ses2019_2/cJSON-master/build/CMakeFiles/CMakeTmp

Run Build Command(s):/usr/bin/make cmTC_65530/fast && /usr/bin/make -f CMakeFiles/cmTC_65530.dir/build.make CMakeFiles/cmTC_65530.dir/build
make[1]: Entering directory '/home/owner/Desktop/programming/ses2019_2/cJSON-master/build/CMakeFiles/CMakeTmp'
Building C object CMakeFiles/cmTC_65530.dir/src.c.o
/usr/bin/cc   -std=c89 -pedantic -Wall -Wextra -Werror -Wstrict-prototypes -Wwrite-strings -Wshadow -Winit-self -Wcast-align -Wformat=2 -Wmissing-prototypes -Wstrict-overflow=2 -Wcast-qual -Wundef -Wswitch-default -Wconversion -Wc++-compat -fstack-protector-strong -Wdouble-promotion -Wparentheses -DFLAG_SUPPORTED_Wformatoverflow   -Wformat-overflow -o CMakeFiles/cmTC_65530.dir/src.c.o   -c /home/owner/Desktop/programming/ses2019_2/cJSON-master/build/CMakeFiles/CMakeTmp/src.c
Linking C executable cmTC_65530
/usr/bin/cmake -E cmake_link_script CMakeFiles/cmTC_65530.dir/link.txt --verbose=1
/usr/bin/cc  -std=c89 -pedantic -Wall -Wextra -Werror -Wstrict-prototypes -Wwrite-strings -Wshadow -Winit-self -Wcast-align -Wformat=2 -Wmissing-prototypes -Wstrict-overflow=2 -Wcast-qual -Wundef -Wswitch-default -Wconversion -Wc++-compat -fstack-protector-strong -Wdouble-promotion -Wparentheses -DFLAG_SUPPORTED_Wformatoverflow    -rdynamic CMakeFiles/cmTC_65530.dir/src.c.o  -o cmTC_65530 
make[1]: Leaving directory '/home/owner/Desktop/programming/ses2019_2/cJSON-master/build/CMakeFiles/CMakeTmp'


Source file was:
int main(void) { return 0; }
Performing C SOURCE FILE Test FLAG_SUPPORTED_Wunusedmacros succeeded with the following output:
Change Dir: /home/owner/Desktop/programming/ses2019_2/cJSON-master/build/CMakeFiles/CMakeTmp

Run Build Command(s):/usr/bin/make cmTC_d3bd1/fast && /usr/bin/make -f CMakeFiles/cmTC_d3bd1.dir/build.make CMakeFiles/cmTC_d3bd1.dir/build
make[1]: Entering directory '/home/owner/Desktop/programming/ses2019_2/cJSON-master/build/CMakeFiles/CMakeTmp'
Building C object CMakeFiles/cmTC_d3bd1.dir/src.c.o
/usr/bin/cc   -std=c89 -pedantic -Wall -Wextra -Werror -Wstrict-prototypes -Wwrite-strings -Wshadow -Winit-self -Wcast-align -Wformat=2 -Wmissing-prototypes -Wstrict-overflow=2 -Wcast-qual -Wundef -Wswitch-default -Wconversion -Wc++-compat -fstack-protector-strong -Wdouble-promotion -Wparentheses -Wformat-overflow -DFLAG_SUPPORTED_Wunusedmacros   -Wunused-macros -o CMakeFiles/cmTC_d3bd1.dir/src.c.o   -c /home/owner/Desktop/programming/ses2019_2/cJSON-master/build/CMakeFiles/CMakeTmp/src.c
Linking C executable cmTC_d3bd1
/usr/bin/cmake -E cmake_link_script CMakeFiles/cmTC_d3bd1.dir/link.txt --verbose=1
/usr/bin/cc  -std=c89 -pedantic -Wall -Wextra -Werror -Wstrict-prototypes -Wwrite-strings -Wshadow -Winit-self -Wcast-align -Wformat=2 -Wmissing-prototypes -Wstrict-overflow=2 -Wcast-qual -Wundef -Wswitch-default -Wconversion -Wc++-compat -fstack-protector-strong -Wdouble-promotion -Wparentheses -Wformat-overflow -DFLAG_SUPPORTED_Wunusedmacros    -rdynamic CMakeFiles/cmTC_d3bd1.dir/src.c.o  -o cmTC_d3bd1 
make[1]: Leaving directory '/home/owner/Desktop/programming/ses2019_2/cJSON-master/build/CMakeFiles/CMakeTmp'


Source file was:
int main(void) { return 0; }
Performing C SOURCE FILE Test FLAG_SUPPORTED_Wswitchenum succeeded with the following output:
Change Dir: /home/owner/Desktop/programming/ses2019_2/cJSON-master/build/CMakeFiles/CMakeTmp

Run Build Command(s):/usr/bin/make cmTC_f2d92/fast && /usr/bin/make -f CMakeFiles/cmTC_f2d92.dir/build.make CMakeFiles/cmTC_f2d92.dir/build
make[1]: Entering directory '/home/owner/Desktop/programming/ses2019_2/cJSON-master/build/CMakeFiles/CMakeTmp'
Building C object CMakeFiles/cmTC_f2d92.dir/src.c.o
/usr/bin/cc   -std=c89 -pedantic -Wall -Wextra -Werror -Wstrict-prototypes -Wwrite-strings -Wshadow -Winit-self -Wcast-align -Wformat=2 -Wmissing-prototypes -Wstrict-overflow=2 -Wcast-qual -Wundef -Wswitch-default -Wconversion -Wc++-compat -fstack-protector-strong -Wdouble-promotion -Wparentheses -Wformat-overflow -Wunused-macros -DFLAG_SUPPORTED_Wswitchenum   -Wswitch-enum -o CMakeFiles/cmTC_f2d92.dir/src.c.o   -c /home/owner/Desktop/programming/ses2019_2/cJSON-master/build/CMakeFiles/CMakeTmp/src.c
Linking C executable cmTC_f2d92
/usr/bin/cmake -E cmake_link_script CMakeFiles/cmTC_f2d92.dir/link.txt --verbose=1
/usr/bin/cc  -std=c89 -pedantic -Wall -Wextra -Werror -Wstrict-prototypes -Wwrite-strings -Wshadow -Winit-self -Wcast-align -Wformat=2 -Wmissing-prototypes -Wstrict-overflow=2 -Wcast-qual -Wundef -Wswitch-default -Wconversion -Wc++-compat -fstack-protector-strong -Wdouble-promotion -Wparentheses -Wformat-overflow -Wunused-macros -DFLAG_SUPPORTED_Wswitchenum    -rdynamic CMakeFiles/cmTC_f2d92.dir/src.c.o  -o cmTC_f2d92 
make[1]: Leaving directory '/home/owner/Desktop/programming/ses2019_2/cJSON-master/build/CMakeFiles/CMakeTmp'


Source file was:
int main(void) { return 0; }
Performing C SOURCE FILE Test FLAG_SUPPORTED_fvisibilityhidden succeeded with the following output:
Change Dir: /home/owner/Desktop/programming/ses2019_2/cJSON-master/build/CMakeFiles/CMakeTmp

Run Build Command(s):/usr/bin/make cmTC_9fb8f/fast && /usr/bin/make -f CMakeFiles/cmTC_9fb8f.dir/build.make CMakeFiles/cmTC_9fb8f.dir/build
make[1]: Entering directory '/home/owner/Desktop/programming/ses2019_2/cJSON-master/build/CMakeFiles/CMakeTmp'
Building C object CMakeFiles/cmTC_9fb8f.dir/src.c.o
/usr/bin/cc   -std=c89 -pedantic -Wall -Wextra -Werror -Wstrict-prototypes -Wwrite-strings -Wshadow -Winit-self -Wcast-align -Wformat=2 -Wmissing-prototypes -Wstrict-overflow=2 -Wcast-qual -Wundef -Wswitch-default -Wconversion -Wc++-compat -fstack-protector-strong -Wdouble-promotion -Wparentheses -Wformat-overflow -Wunused-macros -Wswitch-enum -DFLAG_SUPPORTED_fvisibilityhidden   -fvisibility=hidden -o CMakeFiles/cmTC_9fb8f.dir/src.c.o   -c /home/owner/Desktop/programming/ses2019_2/cJSON-master/build/CMakeFiles/CMakeTmp/src.c
Linking C executable cmTC_9fb8f
/usr/bin/cmake -E cmake_link_script CMakeFiles/cmTC_9fb8f.dir/link.txt --verbose=1
/usr/bin/cc  -std=c89 -pedantic -Wall -Wextra -Werror -Wstrict-prototypes -Wwrite-strings -Wshadow -Winit-self -Wcast-align -Wformat=2 -Wmissing-prototypes -Wstrict-overflow=2 -Wcast-qual -Wundef -Wswitch-default -Wconversion -Wc++-compat -fstack-protector-strong -Wdouble-promotion -Wparentheses -Wformat-overflow -Wunused-macros -Wswitch-enum -DFLAG_SUPPORTED_fvisibilityhidden    -rdynamic CMakeFiles/cmTC_9fb8f.dir/src.c.o  -o cmTC_9fb8f 
make[1]: Leaving directory '/home/owner/Desktop/programming/ses2019_2/cJSON-master/build/CMakeFiles/CMakeTmp'


Source file was:
int main(void) { return 0; }
